# JRE version: Java(TM) SE Runtime Environment 18.9 (11.0.7+8) (build 11.0.7+8-LTS)
# Java VM: Java HotSpot(TM) 64-Bit Server VM 18.9 (11.0.7+8-LTS, mixed mode, tiered, compressed oops, g1 gc, bsd-amd64)
Heap:
 garbage-first heap   total 95232K, used 30404K [0x00000007c0000000, 0x0000000800000000)
  region size 1024K, 17 young (17408K), 7 survivors (7168K)
 Metaspace       used 53302K, capacity 54717K, committed 55068K, reserved 1097728K
  class space    used 6605K, capacity 7183K, committed 7292K, reserved 1048576K
GC Heap History (10 events):
Event: 12.971 GC heap before
{Heap before GC invocations=9 (full 0):
 garbage-first heap   total 78848K, used 53258K [0x00000007c0000000, 0x0000000800000000)
  region size 1024K, 46 young (47104K), 4 survivors (4096K)
 Metaspace       used 31587K, capacity 32713K, committed 33020K, reserved 1077248K
  class space    used 3808K, capacity 4258K, committed 4400K, reserved 1048576K
}
Event: 13.005 GC heap after
{Heap after GC invocations=10 (full 0):
 garbage-first heap   total 78848K, used 14013K [0x00000007c0000000, 0x0000000800000000)
  region size 1024K, 6 young (6144K), 6 survivors (6144K)
 Metaspace       used 31587K, capacity 32713K, committed 33020K, reserved 1077248K
  class space    used 3808K, capacity 4258K, committed 4400K, reserved 1048576K
}
Event: 13.762 GC heap before
{Heap before GC invocations=10 (full 0):
 garbage-first heap   total 78848K, used 54973K [0x00000007c0000000, 0x0000000800000000)
  region size 1024K, 46 young (47104K), 6 survivors (6144K)
 Metaspace       used 32620K, capacity 33799K, committed 34172K, reserved 1079296K
  class space    used 3947K, capacity 4408K, committed 4528K, reserved 1048576K
}
Event: 13.806 GC heap after
{Heap after GC invocations=11 (full 0):
 garbage-first heap   total 78848K, used 14766K [0x00000007c0000000, 0x0000000800000000)
  region size 1024K, 4 young (4096K), 4 survivors (4096K)
 Metaspace       used 32620K, capacity 33799K, committed 34172K, reserved 1079296K
  class space    used 3947K, capacity 4408K, committed 4528K, reserved 1048576K
}
Event: 14.117 GC heap before
{Heap before GC invocations=11 (full 0):
 garbage-first heap   total 78848K, used 23982K [0x00000007c0000000, 0x0000000800000000)
  region size 1024K, 14 young (14336K), 4 survivors (4096K)
 Metaspace       used 34774K, capacity 35913K, committed 36048K, reserved 1081344K
  class space    used 4192K, capacity 4641K, committed 4656K, reserved 1048576K
}
Event: 14.133 GC heap after
{Heap after GC invocations=12 (full 0):
 garbage-first heap   total 95232K, used 15260K [0x00000007c0000000, 0x0000000800000000)
  region size 1024K, 2 young (2048K), 2 survivors (2048K)
 Metaspace       used 34774K, capacity 35913K, committed 36048K, reserved 1081344K
  class space    used 4192K, capacity 4641K, committed 4656K, reserved 1048576K
}
Event: 19.629 GC heap before
{Heap before GC invocations=13 (full 0):
 garbage-first heap   total 95232K, used 67484K [0x00000007c0000000, 0x0000000800000000)
  region size 1024K, 53 young (54272K), 2 survivors (2048K)
 Metaspace       used 46154K, capacity 47369K, committed 47900K, reserved 1091584K
  class space    used 5727K, capacity 6197K, committed 6268K, reserved 1048576K
}
Event: 19.643 GC heap after
{Heap after GC invocations=14 (full 0):
 garbage-first heap   total 95232K, used 17610K [0x00000007c0000000, 0x0000000800000000)
  region size 1024K, 4 young (4096K), 4 survivors (4096K)
 Metaspace       used 46154K, capacity 47369K, committed 47900K, reserved 1091584K
  class space    used 5727K, capacity 6197K, committed 6268K, reserved 1048576K
}
Event: 79.301 GC heap before
{Heap before GC invocations=14 (full 0):
 garbage-first heap   total 95232K, used 68810K [0x00000007c0000000, 0x0000000800000000)
  region size 1024K, 55 young (56320K), 4 survivors (4096K)
 Metaspace       used 51773K, capacity 53151K, committed 53532K, reserved 1095680K
  class space    used 6414K, capacity 6938K, committed 7036K, reserved 1048576K
}
Event: 79.408 GC heap after
{Heap after GC invocations=15 (full 0):
 garbage-first heap   total 95232K, used 21188K [0x00000007c0000000, 0x0000000800000000)
  region size 1024K, 7 young (7168K), 7 survivors (7168K)
 Metaspace       used 51773K, capacity 53151K, committed 53532K, reserved 1095680K
  class space    used 6414K, capacity 6938K, committed 7036K, reserved 1048576K
}

